d:\hapi_milestone 3\hapi_start\hapi_start\x64\debug\vc142.pdb
d:\hapi_milestone 3\hapi_start\hapi_start\x64\debug\vc142.idb
d:\hapi_milestone 3\hapi_start\hapi_start\x64\debug\visualisation.obj
d:\hapi_milestone 3\hapi_start\hapi_start\x64\debug\sprite.obj
d:\hapi_milestone 3\hapi_start\hapi_start\x64\debug\rectangle.obj
d:\hapi_milestone 3\hapi_start\hapi_start\x64\debug\main.obj
c:\users\v8078659\source\game-engine-construction\hapi_start\hapi_start\x64\debug\vc142.pdb
c:\users\v8078659\source\game-engine-construction\hapi_start\hapi_start\x64\debug\vc142.idb
c:\users\v8078659\source\game-engine-construction\hapi_start\hapi_start\x64\debug\visualisation.obj
c:\users\v8078659\source\game-engine-construction\hapi_start\hapi_start\x64\debug\sprite.obj
c:\users\v8078659\source\game-engine-construction\hapi_start\hapi_start\x64\debug\rectangle.obj
c:\users\v8078659\source\game-engine-construction\hapi_start\hapi_start\x64\debug\main.obj
c:\users\v8078659\source\game-engine-construction\hapi_start\hapi_start\x64\debug\entity.obj
c:\users\v8078659\source\game-engine-construction\hapi_start\hapi_start\x64\debug\player.obj
c:\users\v8078659\source\game-engine-construction\hapi_start\hapi_start\x64\debug\world.obj
d:\hapi_milestone 3\hapi_start\x64\debug\hapi_start.exe
d:\hapi_milestone 3\hapi_start\x64\debug\hapi_start.ilk
d:\hapi_milestone 3\hapi_start\x64\debug\hapi_start.pdb
c:\users\v8078659\source\game-engine-construction\hapi_start\x64\debug\hapi_start.pdb
c:\users\v8078659\source\game-engine-construction\hapi_start\hapi_start\x64\debug\hapi_start.tlog\cl.command.1.tlog
c:\users\v8078659\source\game-engine-construction\hapi_start\hapi_start\x64\debug\hapi_start.tlog\cl.read.1.tlog
c:\users\v8078659\source\game-engine-construction\hapi_start\hapi_start\x64\debug\hapi_start.tlog\cl.write.1.tlog
c:\users\v8078659\source\game-engine-construction\hapi_start\hapi_start\x64\debug\hapi_start.tlog\link.command.1.tlog
c:\users\v8078659\source\game-engine-construction\hapi_start\hapi_start\x64\debug\hapi_start.tlog\link.read.1.tlog
c:\users\v8078659\source\game-engine-construction\hapi_start\hapi_start\x64\debug\hapi_start.tlog\link.write.1.tlog
